(---------------------------------------------------------------------)
(                                                                     )
(    Auto Silkscreen Log File                                         )
(                                                                     )
(    Drawing          : vcc12_5.brd                                   )
(    Software Version : 16.5P003                                      )
(    Date/Time        : Sat Oct 14 01:36:21 2017                      )
(                                                                     )
(---------------------------------------------------------------------)


Generating Auto Silkscreen for the top of the board.

Copying all elements.

Element to Pad clearance is 0.00
Max Text displacement is 100.00
Min Line Length is 0.00
Allowing 0, 90, 180 and 270 degree text rotations.
Text Allowed Under Components.
Subclass Selections:
 Board Geometry       : None
 Component Value      : None
 Device Type          : None
 Package Geometry     : Silkscreen
 Reference Designator : Silkscreen
 Tolerance            : None
 User Part Number     : None


Total Failures: 0

Log End

